2018-02-04 19:29:39,840 [INFO] from application in scala-execution-context-global-61 - Creating Pool for datasource 'default'
2018-02-04 19:29:40,290 [INFO] from play.api.db.HikariCPConnectionPool in scala-execution-context-global-61 - datasource [default] bound to JNDI as DefaultDS
2018-02-04 19:29:40,320 [INFO] from play.api.db.DefaultDBApi in scala-execution-context-global-61 - Database [default] connected at jdbc:postgresql://localhost:5432/psqlDB
2018-02-04 19:29:45,019 [INFO] from org.jdbcdslog.StatementLogger in scala-execution-context-global-61 - java.sql.Statement.executeQuery: select relname from pg_class where relkind='S';
2018-02-04 19:29:46,251 [INFO] from play.api.http.EnabledFilters in scala-execution-context-global-61 - Enabled Filters (see <https://www.playframework.com/documentation/latest/Filters>):

    play.filters.csrf.CSRFFilter
    play.filters.headers.SecurityHeadersFilter
    play.filters.hosts.AllowedHostsFilter

2018-02-04 19:29:46,256 [INFO] from play.api.Play in scala-execution-context-global-61 - Application started (Dev)
2018-02-04 19:29:47,023 [INFO] from org.jdbcdslog.StatementLogger in play-dev-mode-akka.actor.default-dispatcher-3 - select max(id) from PhoneNumberJPA;
2018-02-04 19:29:47,056 [INFO] from org.jdbcdslog.StatementLogger in play-dev-mode-akka.actor.default-dispatcher-3 - select max(id) from PersonJPA;
2018-02-04 19:29:47,371 [INFO] from org.jdbcdslog.StatementLogger in play-dev-mode-akka.actor.default-dispatcher-3 - insert into PhoneNumberJPA (personajpa_id, phoneNumber, id) values (null, '928224372', 1);
2018-02-04 19:29:47,376 [INFO] from org.jdbcdslog.StatementLogger in play-dev-mode-akka.actor.default-dispatcher-3 - insert into PersonJPA (firstName, lastName, id) values ('Pedro', 'Picapiedra', 1);
2018-02-04 19:29:47,382 [INFO] from org.jdbcdslog.StatementLogger in play-dev-mode-akka.actor.default-dispatcher-3 - select personjpa0_.id as id1_0_, personjpa0_.firstName as firstNam2_0_, personjpa0_.lastName as lastName3_0_ from PersonJPA personjpa0_;
2018-02-04 19:29:48,930 [INFO] from org.jdbcdslog.StatementLogger in play-dev-mode-akka.actor.default-dispatcher-3 - select personjpa0_.id as id1_0_, personjpa0_.firstName as firstNam2_0_, personjpa0_.lastName as lastName3_0_ from PersonJPA personjpa0_;
2018-02-04 19:29:48,963 [INFO] from org.jdbcdslog.StatementLogger in play-dev-mode-akka.actor.default-dispatcher-3 - select phonenumbe0_.personajpa_id as personaj3_1_0_, phonenumbe0_.id as id1_1_0_, phonenumbe0_.id as id1_1_1_, phonenumbe0_.personajpa_id as personaj3_1_1_, phonenumbe0_.phoneNumber as phoneNum2_1_1_ from PhoneNumberJPA phonenumbe0_ where phonenumbe0_.personajpa_id=1;
2018-02-04 19:29:56,216 [INFO] from org.jdbcdslog.StatementLogger in play-dev-mode-akka.actor.default-dispatcher-12 - select personjpa0_.id as id1_0_, personjpa0_.firstName as firstNam2_0_, personjpa0_.lastName as lastName3_0_ from PersonJPA personjpa0_;
2018-02-04 19:29:56,217 [INFO] from org.jdbcdslog.StatementLogger in play-dev-mode-akka.actor.default-dispatcher-12 - select phonenumbe0_.personajpa_id as personaj3_1_0_, phonenumbe0_.id as id1_1_0_, phonenumbe0_.id as id1_1_1_, phonenumbe0_.personajpa_id as personaj3_1_1_, phonenumbe0_.phoneNumber as phoneNum2_1_1_ from PhoneNumberJPA phonenumbe0_ where phonenumbe0_.personajpa_id=1;
2018-02-04 19:36:28,498 [INFO] from org.jdbcdslog.StatementLogger in play-dev-mode-akka.actor.default-dispatcher-13 - select personjpa0_.id as id1_0_, personjpa0_.firstName as firstNam2_0_, personjpa0_.lastName as lastName3_0_ from PersonJPA personjpa0_;
2018-02-04 19:36:28,500 [INFO] from org.jdbcdslog.StatementLogger in play-dev-mode-akka.actor.default-dispatcher-13 - select phonenumbe0_.personajpa_id as personaj3_1_0_, phonenumbe0_.id as id1_1_0_, phonenumbe0_.id as id1_1_1_, phonenumbe0_.personajpa_id as personaj3_1_1_, phonenumbe0_.phoneNumber as phoneNum2_1_1_ from PhoneNumberJPA phonenumbe0_ where phonenumbe0_.personajpa_id=1;
2018-02-04 19:39:44,213 [ERROR] from org.jdbcdslog.StatementLogger in application-akka.actor.default-dispatcher-4 - INSERT INTO PersonJPA (firstName,lastName) VALUES ('NuevaPersona','NuevoApellido');
throws exception: org.postgresql.util.PSQLException: ERROR: null value in column "id" violates not-null constraint
  Detail: Failing row contains (null, NuevaPersona, NuevoApellido).
org.postgresql.util.PSQLException: ERROR: null value in column "id" violates not-null constraint
  Detail: Failing row contains (null, NuevaPersona, NuevoApellido).
	at org.postgresql.core.v3.QueryExecutorImpl.receiveErrorResponse(QueryExecutorImpl.java:2198)
	at org.postgresql.core.v3.QueryExecutorImpl.processResults(QueryExecutorImpl.java:1927)
	at org.postgresql.core.v3.QueryExecutorImpl.execute(QueryExecutorImpl.java:255)
	at org.postgresql.jdbc2.AbstractJdbc2Statement.execute(AbstractJdbc2Statement.java:561)
	at org.postgresql.jdbc2.AbstractJdbc2Statement.executeWithFlags(AbstractJdbc2Statement.java:419)
	at org.postgresql.jdbc2.AbstractJdbc2Statement.executeUpdate(AbstractJdbc2Statement.java:365)
	at com.zaxxer.hikari.pool.ProxyPreparedStatement.executeUpdate(ProxyPreparedStatement.java:61)
	at com.zaxxer.hikari.pool.HikariProxyPreparedStatement.executeUpdate(HikariProxyPreparedStatement.java)
	at sun.reflect.NativeMethodAccessorImpl.invoke0(Native Method)
	at sun.reflect.NativeMethodAccessorImpl.invoke(NativeMethodAccessorImpl.java:62)
	at sun.reflect.DelegatingMethodAccessorImpl.invoke(DelegatingMethodAccessorImpl.java:43)
	at java.lang.reflect.Method.invoke(Method.java:498)
	at org.jdbcdslog.PreparedStatementLoggingHandler.invoke(PreparedStatementLoggingHandler.java:35)
	at com.sun.proxy.$Proxy36.executeUpdate(Unknown Source)
	at org.hibernate.engine.jdbc.internal.ResultSetReturnImpl.executeUpdate(ResultSetReturnImpl.java:204)
	at org.hibernate.engine.query.spi.NativeSQLQueryPlan.performExecuteUpdate(NativeSQLQueryPlan.java:194)
	at org.hibernate.internal.SessionImpl.executeNativeUpdate(SessionImpl.java:1497)
	at org.hibernate.query.internal.NativeQueryImpl.doExecuteUpdate(NativeQueryImpl.java:263)
	at org.hibernate.query.internal.AbstractProducedQuery.executeUpdate(AbstractProducedQuery.java:1461)
	at models.PersonCRUD.createCRUD(PersonCRUD.java:52)
	at router.Routes$$anonfun$routes$1.$anonfun$applyOrElse$6(Routes.scala:230)
	at play.core.routing.HandlerInvokerFactory$$anon$3.resultCall(HandlerInvoker.scala:136)
	at play.core.routing.HandlerInvokerFactory$$anon$3.resultCall(HandlerInvoker.scala:135)
	at play.core.routing.HandlerInvokerFactory$JavaActionInvokerFactory$$anon$8$$anon$2$$anon$1.invocation(HandlerInvoker.scala:110)
	at play.core.j.JavaAction$$anon$1.call(JavaAction.scala:78)
	at play.http.DefaultActionCreator$1.call(DefaultActionCreator.java:31)
	at play.db.jpa.TransactionalAction.lambda$call$5(TransactionalAction.java:28)
	at play.db.jpa.DefaultJPAApi.lambda$withTransaction$3(DefaultJPAApi.java:197)
	at play.db.jpa.DefaultJPAApi.withTransaction(DefaultJPAApi.java:138)
	at play.db.jpa.DefaultJPAApi.withTransaction(DefaultJPAApi.java:196)
	at play.db.jpa.TransactionalAction.call(TransactionalAction.java:25)
	at play.core.j.JavaAction.$anonfun$apply$2(JavaAction.scala:113)
	at scala.concurrent.Future$.$anonfun$apply$1(Future.scala:653)
	at scala.util.Success.$anonfun$map$1(Try.scala:251)
	at scala.util.Success.map(Try.scala:209)
	at scala.concurrent.Future.$anonfun$map$1(Future.scala:287)
	at scala.concurrent.impl.Promise.liftedTree1$1(Promise.scala:29)
	at scala.concurrent.impl.Promise.$anonfun$transform$1(Promise.scala:29)
	at scala.concurrent.impl.CallbackRunnable.run(Promise.scala:60)
	at play.core.j.HttpExecutionContext$$anon$2.run(HttpExecutionContext.scala:56)
	at play.api.libs.streams.Execution$trampoline$.execute(Execution.scala:70)
	at play.core.j.HttpExecutionContext.execute(HttpExecutionContext.scala:48)
	at scala.concurrent.impl.CallbackRunnable.executeWithValue(Promise.scala:68)
	at scala.concurrent.impl.Promise$KeptPromise$Kept.onComplete(Promise.scala:368)
	at scala.concurrent.impl.Promise$KeptPromise$Kept.onComplete$(Promise.scala:367)
	at scala.concurrent.impl.Promise$KeptPromise$Successful.onComplete(Promise.scala:375)
	at scala.concurrent.impl.Promise.transform(Promise.scala:29)
	at scala.concurrent.impl.Promise.transform$(Promise.scala:27)
	at scala.concurrent.impl.Promise$KeptPromise$Successful.transform(Promise.scala:375)
	at scala.concurrent.Future.map(Future.scala:287)
	at scala.concurrent.Future.map$(Future.scala:287)
	at scala.concurrent.impl.Promise$KeptPromise$Successful.map(Promise.scala:375)
	at scala.concurrent.Future$.apply(Future.scala:653)
	at play.core.j.JavaAction.apply(JavaAction.scala:113)
	at play.api.mvc.Action.$anonfun$apply$2(Action.scala:96)
	at scala.concurrent.Future.$anonfun$flatMap$1(Future.scala:302)
	at scala.concurrent.impl.Promise.$anonfun$transformWith$1(Promise.scala:37)
	at scala.concurrent.impl.CallbackRunnable.run(Promise.scala:60)
	at akka.dispatch.BatchingExecutor$AbstractBatch.processBatch(BatchingExecutor.scala:55)
	at akka.dispatch.BatchingExecutor$BlockableBatch.$anonfun$run$1(BatchingExecutor.scala:91)
	at scala.runtime.java8.JFunction0$mcV$sp.apply(JFunction0$mcV$sp.java:12)
	at scala.concurrent.BlockContext$.withBlockContext(BlockContext.scala:81)
	at akka.dispatch.BatchingExecutor$BlockableBatch.run(BatchingExecutor.scala:91)
	at akka.dispatch.TaskInvocation.run(AbstractDispatcher.scala:38)
	at akka.dispatch.ForkJoinExecutorConfigurator$AkkaForkJoinTask.exec(ForkJoinExecutorConfigurator.scala:43)
	at akka.dispatch.forkjoin.ForkJoinTask.doExec(ForkJoinTask.java:260)
	at akka.dispatch.forkjoin.ForkJoinPool$WorkQueue.runTask(ForkJoinPool.java:1339)
	at akka.dispatch.forkjoin.ForkJoinPool.runWorker(ForkJoinPool.java:1979)
	at akka.dispatch.forkjoin.ForkJoinWorkerThread.run(ForkJoinWorkerThread.java:107)
2018-02-04 19:39:44,214 [WARN] from org.hibernate.engine.jdbc.spi.SqlExceptionHelper in application-akka.actor.default-dispatcher-4 - SQL Error: 0, SQLState: 23502
2018-02-04 19:39:44,215 [ERROR] from org.hibernate.engine.jdbc.spi.SqlExceptionHelper in application-akka.actor.default-dispatcher-4 - ERROR: null value in column "id" violates not-null constraint
  Detail: Failing row contains (null, NuevaPersona, NuevoApellido).
2018-02-04 19:39:44,223 [ERROR] from application in application-akka.actor.default-dispatcher-4 - 

! @76p5n39mo - Internal server error, for (POST) [/persons/create] ->
 
play.api.http.HttpErrorHandlerExceptions$$anon$1: Execution exception[[PersistenceException: org.hibernate.exception.ConstraintViolationException: could not execute statement]]
	at play.api.http.HttpErrorHandlerExceptions$.throwableToUsefulException(HttpErrorHandler.scala:255)
	at play.api.http.DefaultHttpErrorHandler.onServerError(HttpErrorHandler.scala:182)
	at play.core.server.AkkaHttpServer$$anonfun$$nestedInanonfun$executeHandler$1$1.applyOrElse(AkkaHttpServer.scala:252)
	at play.core.server.AkkaHttpServer$$anonfun$$nestedInanonfun$executeHandler$1$1.applyOrElse(AkkaHttpServer.scala:251)
	at scala.concurrent.Future.$anonfun$recoverWith$1(Future.scala:412)
	at scala.concurrent.impl.Promise.$anonfun$transformWith$1(Promise.scala:37)
	at scala.concurrent.impl.CallbackRunnable.run(Promise.scala:60)
	at play.api.libs.streams.Execution$trampoline$.executeScheduled(Execution.scala:109)
	at play.api.libs.streams.Execution$trampoline$.execute(Execution.scala:71)
	at scala.concurrent.impl.CallbackRunnable.executeWithValue(Promise.scala:68)
	at scala.concurrent.impl.Promise$DefaultPromise.$anonfun$tryComplete$1(Promise.scala:284)
	at scala.concurrent.impl.Promise$DefaultPromise.$anonfun$tryComplete$1$adapted(Promise.scala:284)
	at scala.concurrent.impl.Promise$DefaultPromise.tryComplete(Promise.scala:284)
	at scala.concurrent.impl.Promise$DefaultPromise.link(Promise.scala:337)
	at scala.concurrent.impl.Promise$DefaultPromise.linkRootOf(Promise.scala:322)
	at scala.concurrent.impl.Promise.$anonfun$transformWith$1(Promise.scala:39)
	at scala.concurrent.impl.CallbackRunnable.run(Promise.scala:60)
	at akka.dispatch.BatchingExecutor$AbstractBatch.processBatch(BatchingExecutor.scala:55)
	at akka.dispatch.BatchingExecutor$BlockableBatch.$anonfun$run$1(BatchingExecutor.scala:91)
	at scala.runtime.java8.JFunction0$mcV$sp.apply(JFunction0$mcV$sp.java:12)
	at scala.concurrent.BlockContext$.withBlockContext(BlockContext.scala:81)
	at akka.dispatch.BatchingExecutor$BlockableBatch.run(BatchingExecutor.scala:91)
	at akka.dispatch.TaskInvocation.run(AbstractDispatcher.scala:38)
	at akka.dispatch.ForkJoinExecutorConfigurator$AkkaForkJoinTask.exec(ForkJoinExecutorConfigurator.scala:43)
	at akka.dispatch.forkjoin.ForkJoinTask.doExec(ForkJoinTask.java:260)
	at akka.dispatch.forkjoin.ForkJoinPool$WorkQueue.runTask(ForkJoinPool.java:1339)
	at akka.dispatch.forkjoin.ForkJoinPool.runWorker(ForkJoinPool.java:1979)
	at akka.dispatch.forkjoin.ForkJoinWorkerThread.run(ForkJoinWorkerThread.java:107)
Caused by: javax.persistence.PersistenceException: org.hibernate.exception.ConstraintViolationException: could not execute statement
	at org.hibernate.internal.ExceptionConverterImpl.convert(ExceptionConverterImpl.java:147)
	at org.hibernate.internal.ExceptionConverterImpl.convert(ExceptionConverterImpl.java:155)
	at org.hibernate.query.internal.AbstractProducedQuery.executeUpdate(AbstractProducedQuery.java:1471)
	at models.PersonCRUD.createCRUD(PersonCRUD.java:52)
	at router.Routes$$anonfun$routes$1.$anonfun$applyOrElse$6(Routes.scala:230)
	at play.core.routing.HandlerInvokerFactory$$anon$3.resultCall(HandlerInvoker.scala:136)
	at play.core.routing.HandlerInvokerFactory$$anon$3.resultCall(HandlerInvoker.scala:135)
	at play.core.routing.HandlerInvokerFactory$JavaActionInvokerFactory$$anon$8$$anon$2$$anon$1.invocation(HandlerInvoker.scala:110)
	at play.core.j.JavaAction$$anon$1.call(JavaAction.scala:78)
	at play.http.DefaultActionCreator$1.call(DefaultActionCreator.java:31)
	at play.db.jpa.TransactionalAction.lambda$call$5(TransactionalAction.java:28)
	at play.db.jpa.DefaultJPAApi.lambda$withTransaction$3(DefaultJPAApi.java:197)
	at play.db.jpa.DefaultJPAApi.withTransaction(DefaultJPAApi.java:138)
	at play.db.jpa.DefaultJPAApi.withTransaction(DefaultJPAApi.java:196)
	at play.db.jpa.TransactionalAction.call(TransactionalAction.java:25)
	at play.core.j.JavaAction.$anonfun$apply$2(JavaAction.scala:113)
	at scala.concurrent.Future$.$anonfun$apply$1(Future.scala:653)
	at scala.util.Success.$anonfun$map$1(Try.scala:251)
	at scala.util.Success.map(Try.scala:209)
	at scala.concurrent.Future.$anonfun$map$1(Future.scala:287)
	at scala.concurrent.impl.Promise.liftedTree1$1(Promise.scala:29)
	at scala.concurrent.impl.Promise.$anonfun$transform$1(Promise.scala:29)
	at scala.concurrent.impl.CallbackRunnable.run(Promise.scala:60)
	at play.core.j.HttpExecutionContext$$anon$2.run(HttpExecutionContext.scala:56)
	at play.api.libs.streams.Execution$trampoline$.execute(Execution.scala:70)
	at play.core.j.HttpExecutionContext.execute(HttpExecutionContext.scala:48)
	at scala.concurrent.impl.CallbackRunnable.executeWithValue(Promise.scala:68)
	at scala.concurrent.impl.Promise$KeptPromise$Kept.onComplete(Promise.scala:368)
	at scala.concurrent.impl.Promise$KeptPromise$Kept.onComplete$(Promise.scala:367)
	at scala.concurrent.impl.Promise$KeptPromise$Successful.onComplete(Promise.scala:375)
	at scala.concurrent.impl.Promise.transform(Promise.scala:29)
	at scala.concurrent.impl.Promise.transform$(Promise.scala:27)
	at scala.concurrent.impl.Promise$KeptPromise$Successful.transform(Promise.scala:375)
	at scala.concurrent.Future.map(Future.scala:287)
	at scala.concurrent.Future.map$(Future.scala:287)
	at scala.concurrent.impl.Promise$KeptPromise$Successful.map(Promise.scala:375)
	at scala.concurrent.Future$.apply(Future.scala:653)
	at play.core.j.JavaAction.apply(JavaAction.scala:113)
	at play.api.mvc.Action.$anonfun$apply$2(Action.scala:96)
	at scala.concurrent.Future.$anonfun$flatMap$1(Future.scala:302)
	at scala.concurrent.impl.Promise.$anonfun$transformWith$1(Promise.scala:37)
	... 12 common frames omitted
Caused by: org.hibernate.exception.ConstraintViolationException: could not execute statement
	at org.hibernate.exception.internal.SQLStateConversionDelegate.convert(SQLStateConversionDelegate.java:112)
	at org.hibernate.exception.internal.StandardSQLExceptionConverter.convert(StandardSQLExceptionConverter.java:42)
	at org.hibernate.engine.jdbc.spi.SqlExceptionHelper.convert(SqlExceptionHelper.java:111)
	at org.hibernate.engine.jdbc.spi.SqlExceptionHelper.convert(SqlExceptionHelper.java:97)
	at org.hibernate.engine.jdbc.internal.ResultSetReturnImpl.executeUpdate(ResultSetReturnImpl.java:207)
	at org.hibernate.engine.query.spi.NativeSQLQueryPlan.performExecuteUpdate(NativeSQLQueryPlan.java:194)
	at org.hibernate.internal.SessionImpl.executeNativeUpdate(SessionImpl.java:1497)
	at org.hibernate.query.internal.NativeQueryImpl.doExecuteUpdate(NativeQueryImpl.java:263)
	at org.hibernate.query.internal.AbstractProducedQuery.executeUpdate(AbstractProducedQuery.java:1461)
	... 50 common frames omitted
Caused by: org.postgresql.util.PSQLException: ERROR: null value in column "id" violates not-null constraint
  Detail: Failing row contains (null, NuevaPersona, NuevoApellido).
	at org.postgresql.core.v3.QueryExecutorImpl.receiveErrorResponse(QueryExecutorImpl.java:2198)
	at org.postgresql.core.v3.QueryExecutorImpl.processResults(QueryExecutorImpl.java:1927)
	at org.postgresql.core.v3.QueryExecutorImpl.execute(QueryExecutorImpl.java:255)
	at org.postgresql.jdbc2.AbstractJdbc2Statement.execute(AbstractJdbc2Statement.java:561)
	at org.postgresql.jdbc2.AbstractJdbc2Statement.executeWithFlags(AbstractJdbc2Statement.java:419)
	at org.postgresql.jdbc2.AbstractJdbc2Statement.executeUpdate(AbstractJdbc2Statement.java:365)
	at com.zaxxer.hikari.pool.ProxyPreparedStatement.executeUpdate(ProxyPreparedStatement.java:61)
	at com.zaxxer.hikari.pool.HikariProxyPreparedStatement.executeUpdate(HikariProxyPreparedStatement.java)
	at sun.reflect.NativeMethodAccessorImpl.invoke0(Native Method)
	at sun.reflect.NativeMethodAccessorImpl.invoke(NativeMethodAccessorImpl.java:62)
	at sun.reflect.DelegatingMethodAccessorImpl.invoke(DelegatingMethodAccessorImpl.java:43)
	at java.lang.reflect.Method.invoke(Method.java:498)
	at org.jdbcdslog.PreparedStatementLoggingHandler.invoke(PreparedStatementLoggingHandler.java:35)
	at com.sun.proxy.$Proxy36.executeUpdate(Unknown Source)
	at org.hibernate.engine.jdbc.internal.ResultSetReturnImpl.executeUpdate(ResultSetReturnImpl.java:204)
	... 54 common frames omitted
2018-02-04 19:39:46,890 [INFO] from org.jdbcdslog.StatementLogger in play-dev-mode-akka.actor.default-dispatcher-37 - select personjpa0_.id as id1_0_, personjpa0_.firstName as firstNam2_0_, personjpa0_.lastName as lastName3_0_ from PersonJPA personjpa0_;
2018-02-04 19:39:46,891 [INFO] from org.jdbcdslog.StatementLogger in play-dev-mode-akka.actor.default-dispatcher-37 - select phonenumbe0_.personajpa_id as personaj3_1_0_, phonenumbe0_.id as id1_1_0_, phonenumbe0_.id as id1_1_1_, phonenumbe0_.personajpa_id as personaj3_1_1_, phonenumbe0_.phoneNumber as phoneNum2_1_1_ from PhoneNumberJPA phonenumbe0_ where phonenumbe0_.personajpa_id=1;
2018-02-04 19:40:53,352 [ERROR] from org.jdbcdslog.StatementLogger in application-akka.actor.default-dispatcher-7 - INSERT INTO PersonJPA (firstName,lastName) VALUES ('Hola','Holiata');
throws exception: org.postgresql.util.PSQLException: ERROR: null value in column "id" violates not-null constraint
  Detail: Failing row contains (null, Hola, Holiata).
org.postgresql.util.PSQLException: ERROR: null value in column "id" violates not-null constraint
  Detail: Failing row contains (null, Hola, Holiata).
	at org.postgresql.core.v3.QueryExecutorImpl.receiveErrorResponse(QueryExecutorImpl.java:2198)
	at org.postgresql.core.v3.QueryExecutorImpl.processResults(QueryExecutorImpl.java:1927)
	at org.postgresql.core.v3.QueryExecutorImpl.execute(QueryExecutorImpl.java:255)
	at org.postgresql.jdbc2.AbstractJdbc2Statement.execute(AbstractJdbc2Statement.java:561)
	at org.postgresql.jdbc2.AbstractJdbc2Statement.executeWithFlags(AbstractJdbc2Statement.java:419)
	at org.postgresql.jdbc2.AbstractJdbc2Statement.executeUpdate(AbstractJdbc2Statement.java:365)
	at com.zaxxer.hikari.pool.ProxyPreparedStatement.executeUpdate(ProxyPreparedStatement.java:61)
	at com.zaxxer.hikari.pool.HikariProxyPreparedStatement.executeUpdate(HikariProxyPreparedStatement.java)
	at sun.reflect.NativeMethodAccessorImpl.invoke0(Native Method)
	at sun.reflect.NativeMethodAccessorImpl.invoke(NativeMethodAccessorImpl.java:62)
	at sun.reflect.DelegatingMethodAccessorImpl.invoke(DelegatingMethodAccessorImpl.java:43)
	at java.lang.reflect.Method.invoke(Method.java:498)
	at org.jdbcdslog.PreparedStatementLoggingHandler.invoke(PreparedStatementLoggingHandler.java:35)
	at com.sun.proxy.$Proxy36.executeUpdate(Unknown Source)
	at org.hibernate.engine.jdbc.internal.ResultSetReturnImpl.executeUpdate(ResultSetReturnImpl.java:204)
	at org.hibernate.engine.query.spi.NativeSQLQueryPlan.performExecuteUpdate(NativeSQLQueryPlan.java:194)
	at org.hibernate.internal.SessionImpl.executeNativeUpdate(SessionImpl.java:1497)
	at org.hibernate.query.internal.NativeQueryImpl.doExecuteUpdate(NativeQueryImpl.java:263)
	at org.hibernate.query.internal.AbstractProducedQuery.executeUpdate(AbstractProducedQuery.java:1461)
	at models.PersonCRUD.createCRUD(PersonCRUD.java:52)
	at router.Routes$$anonfun$routes$1.$anonfun$applyOrElse$6(Routes.scala:230)
	at play.core.routing.HandlerInvokerFactory$$anon$3.resultCall(HandlerInvoker.scala:136)
	at play.core.routing.HandlerInvokerFactory$$anon$3.resultCall(HandlerInvoker.scala:135)
	at play.core.routing.HandlerInvokerFactory$JavaActionInvokerFactory$$anon$8$$anon$2$$anon$1.invocation(HandlerInvoker.scala:110)
	at play.core.j.JavaAction$$anon$1.call(JavaAction.scala:78)
	at play.http.DefaultActionCreator$1.call(DefaultActionCreator.java:31)
	at play.db.jpa.TransactionalAction.lambda$call$5(TransactionalAction.java:28)
	at play.db.jpa.DefaultJPAApi.lambda$withTransaction$3(DefaultJPAApi.java:197)
	at play.db.jpa.DefaultJPAApi.withTransaction(DefaultJPAApi.java:138)
	at play.db.jpa.DefaultJPAApi.withTransaction(DefaultJPAApi.java:196)
	at play.db.jpa.TransactionalAction.call(TransactionalAction.java:25)
	at play.core.j.JavaAction.$anonfun$apply$2(JavaAction.scala:113)
	at scala.concurrent.Future$.$anonfun$apply$1(Future.scala:653)
	at scala.util.Success.$anonfun$map$1(Try.scala:251)
	at scala.util.Success.map(Try.scala:209)
	at scala.concurrent.Future.$anonfun$map$1(Future.scala:287)
	at scala.concurrent.impl.Promise.liftedTree1$1(Promise.scala:29)
	at scala.concurrent.impl.Promise.$anonfun$transform$1(Promise.scala:29)
	at scala.concurrent.impl.CallbackRunnable.run(Promise.scala:60)
	at play.core.j.HttpExecutionContext$$anon$2.run(HttpExecutionContext.scala:56)
	at play.api.libs.streams.Execution$trampoline$.execute(Execution.scala:70)
	at play.core.j.HttpExecutionContext.execute(HttpExecutionContext.scala:48)
	at scala.concurrent.impl.CallbackRunnable.executeWithValue(Promise.scala:68)
	at scala.concurrent.impl.Promise$KeptPromise$Kept.onComplete(Promise.scala:368)
	at scala.concurrent.impl.Promise$KeptPromise$Kept.onComplete$(Promise.scala:367)
	at scala.concurrent.impl.Promise$KeptPromise$Successful.onComplete(Promise.scala:375)
	at scala.concurrent.impl.Promise.transform(Promise.scala:29)
	at scala.concurrent.impl.Promise.transform$(Promise.scala:27)
	at scala.concurrent.impl.Promise$KeptPromise$Successful.transform(Promise.scala:375)
	at scala.concurrent.Future.map(Future.scala:287)
	at scala.concurrent.Future.map$(Future.scala:287)
	at scala.concurrent.impl.Promise$KeptPromise$Successful.map(Promise.scala:375)
	at scala.concurrent.Future$.apply(Future.scala:653)
	at play.core.j.JavaAction.apply(JavaAction.scala:113)
	at play.api.mvc.Action.$anonfun$apply$2(Action.scala:96)
	at scala.concurrent.Future.$anonfun$flatMap$1(Future.scala:302)
	at scala.concurrent.impl.Promise.$anonfun$transformWith$1(Promise.scala:37)
	at scala.concurrent.impl.CallbackRunnable.run(Promise.scala:60)
	at akka.dispatch.BatchingExecutor$AbstractBatch.processBatch(BatchingExecutor.scala:55)
	at akka.dispatch.BatchingExecutor$BlockableBatch.$anonfun$run$1(BatchingExecutor.scala:91)
	at scala.runtime.java8.JFunction0$mcV$sp.apply(JFunction0$mcV$sp.java:12)
	at scala.concurrent.BlockContext$.withBlockContext(BlockContext.scala:81)
	at akka.dispatch.BatchingExecutor$BlockableBatch.run(BatchingExecutor.scala:91)
	at akka.dispatch.TaskInvocation.run(AbstractDispatcher.scala:38)
	at akka.dispatch.ForkJoinExecutorConfigurator$AkkaForkJoinTask.exec(ForkJoinExecutorConfigurator.scala:43)
	at akka.dispatch.forkjoin.ForkJoinTask.doExec(ForkJoinTask.java:260)
	at akka.dispatch.forkjoin.ForkJoinPool$WorkQueue.runTask(ForkJoinPool.java:1339)
	at akka.dispatch.forkjoin.ForkJoinPool.runWorker(ForkJoinPool.java:1979)
	at akka.dispatch.forkjoin.ForkJoinWorkerThread.run(ForkJoinWorkerThread.java:107)
2018-02-04 19:40:53,352 [WARN] from org.hibernate.engine.jdbc.spi.SqlExceptionHelper in application-akka.actor.default-dispatcher-7 - SQL Error: 0, SQLState: 23502
2018-02-04 19:40:53,352 [ERROR] from org.hibernate.engine.jdbc.spi.SqlExceptionHelper in application-akka.actor.default-dispatcher-7 - ERROR: null value in column "id" violates not-null constraint
  Detail: Failing row contains (null, Hola, Holiata).
2018-02-04 19:40:53,355 [ERROR] from application in application-akka.actor.default-dispatcher-7 - 

! @76p5n783m - Internal server error, for (POST) [/persons/create] ->
 
play.api.http.HttpErrorHandlerExceptions$$anon$1: Execution exception[[PersistenceException: org.hibernate.exception.ConstraintViolationException: could not execute statement]]
	at play.api.http.HttpErrorHandlerExceptions$.throwableToUsefulException(HttpErrorHandler.scala:255)
	at play.api.http.DefaultHttpErrorHandler.onServerError(HttpErrorHandler.scala:182)
	at play.core.server.AkkaHttpServer$$anonfun$$nestedInanonfun$executeHandler$1$1.applyOrElse(AkkaHttpServer.scala:252)
	at play.core.server.AkkaHttpServer$$anonfun$$nestedInanonfun$executeHandler$1$1.applyOrElse(AkkaHttpServer.scala:251)
	at scala.concurrent.Future.$anonfun$recoverWith$1(Future.scala:412)
	at scala.concurrent.impl.Promise.$anonfun$transformWith$1(Promise.scala:37)
	at scala.concurrent.impl.CallbackRunnable.run(Promise.scala:60)
	at play.api.libs.streams.Execution$trampoline$.executeScheduled(Execution.scala:109)
	at play.api.libs.streams.Execution$trampoline$.execute(Execution.scala:71)
	at scala.concurrent.impl.CallbackRunnable.executeWithValue(Promise.scala:68)
	at scala.concurrent.impl.Promise$DefaultPromise.$anonfun$tryComplete$1(Promise.scala:284)
	at scala.concurrent.impl.Promise$DefaultPromise.$anonfun$tryComplete$1$adapted(Promise.scala:284)
	at scala.concurrent.impl.Promise$DefaultPromise.tryComplete(Promise.scala:284)
	at scala.concurrent.impl.Promise$DefaultPromise.link(Promise.scala:337)
	at scala.concurrent.impl.Promise$DefaultPromise.linkRootOf(Promise.scala:322)
	at scala.concurrent.impl.Promise.$anonfun$transformWith$1(Promise.scala:39)
	at scala.concurrent.impl.CallbackRunnable.run(Promise.scala:60)
	at akka.dispatch.BatchingExecutor$AbstractBatch.processBatch(BatchingExecutor.scala:55)
	at akka.dispatch.BatchingExecutor$BlockableBatch.$anonfun$run$1(BatchingExecutor.scala:91)
	at scala.runtime.java8.JFunction0$mcV$sp.apply(JFunction0$mcV$sp.java:12)
	at scala.concurrent.BlockContext$.withBlockContext(BlockContext.scala:81)
	at akka.dispatch.BatchingExecutor$BlockableBatch.run(BatchingExecutor.scala:91)
	at akka.dispatch.TaskInvocation.run(AbstractDispatcher.scala:38)
	at akka.dispatch.ForkJoinExecutorConfigurator$AkkaForkJoinTask.exec(ForkJoinExecutorConfigurator.scala:43)
	at akka.dispatch.forkjoin.ForkJoinTask.doExec(ForkJoinTask.java:260)
	at akka.dispatch.forkjoin.ForkJoinPool$WorkQueue.runTask(ForkJoinPool.java:1339)
	at akka.dispatch.forkjoin.ForkJoinPool.runWorker(ForkJoinPool.java:1979)
	at akka.dispatch.forkjoin.ForkJoinWorkerThread.run(ForkJoinWorkerThread.java:107)
Caused by: javax.persistence.PersistenceException: org.hibernate.exception.ConstraintViolationException: could not execute statement
	at org.hibernate.internal.ExceptionConverterImpl.convert(ExceptionConverterImpl.java:147)
	at org.hibernate.internal.ExceptionConverterImpl.convert(ExceptionConverterImpl.java:155)
	at org.hibernate.query.internal.AbstractProducedQuery.executeUpdate(AbstractProducedQuery.java:1471)
	at models.PersonCRUD.createCRUD(PersonCRUD.java:52)
	at router.Routes$$anonfun$routes$1.$anonfun$applyOrElse$6(Routes.scala:230)
	at play.core.routing.HandlerInvokerFactory$$anon$3.resultCall(HandlerInvoker.scala:136)
	at play.core.routing.HandlerInvokerFactory$$anon$3.resultCall(HandlerInvoker.scala:135)
	at play.core.routing.HandlerInvokerFactory$JavaActionInvokerFactory$$anon$8$$anon$2$$anon$1.invocation(HandlerInvoker.scala:110)
	at play.core.j.JavaAction$$anon$1.call(JavaAction.scala:78)
	at play.http.DefaultActionCreator$1.call(DefaultActionCreator.java:31)
	at play.db.jpa.TransactionalAction.lambda$call$5(TransactionalAction.java:28)
	at play.db.jpa.DefaultJPAApi.lambda$withTransaction$3(DefaultJPAApi.java:197)
	at play.db.jpa.DefaultJPAApi.withTransaction(DefaultJPAApi.java:138)
	at play.db.jpa.DefaultJPAApi.withTransaction(DefaultJPAApi.java:196)
	at play.db.jpa.TransactionalAction.call(TransactionalAction.java:25)
	at play.core.j.JavaAction.$anonfun$apply$2(JavaAction.scala:113)
	at scala.concurrent.Future$.$anonfun$apply$1(Future.scala:653)
	at scala.util.Success.$anonfun$map$1(Try.scala:251)
	at scala.util.Success.map(Try.scala:209)
	at scala.concurrent.Future.$anonfun$map$1(Future.scala:287)
	at scala.concurrent.impl.Promise.liftedTree1$1(Promise.scala:29)
	at scala.concurrent.impl.Promise.$anonfun$transform$1(Promise.scala:29)
	at scala.concurrent.impl.CallbackRunnable.run(Promise.scala:60)
	at play.core.j.HttpExecutionContext$$anon$2.run(HttpExecutionContext.scala:56)
	at play.api.libs.streams.Execution$trampoline$.execute(Execution.scala:70)
	at play.core.j.HttpExecutionContext.execute(HttpExecutionContext.scala:48)
	at scala.concurrent.impl.CallbackRunnable.executeWithValue(Promise.scala:68)
	at scala.concurrent.impl.Promise$KeptPromise$Kept.onComplete(Promise.scala:368)
	at scala.concurrent.impl.Promise$KeptPromise$Kept.onComplete$(Promise.scala:367)
	at scala.concurrent.impl.Promise$KeptPromise$Successful.onComplete(Promise.scala:375)
	at scala.concurrent.impl.Promise.transform(Promise.scala:29)
	at scala.concurrent.impl.Promise.transform$(Promise.scala:27)
	at scala.concurrent.impl.Promise$KeptPromise$Successful.transform(Promise.scala:375)
	at scala.concurrent.Future.map(Future.scala:287)
	at scala.concurrent.Future.map$(Future.scala:287)
	at scala.concurrent.impl.Promise$KeptPromise$Successful.map(Promise.scala:375)
	at scala.concurrent.Future$.apply(Future.scala:653)
	at play.core.j.JavaAction.apply(JavaAction.scala:113)
	at play.api.mvc.Action.$anonfun$apply$2(Action.scala:96)
	at scala.concurrent.Future.$anonfun$flatMap$1(Future.scala:302)
	at scala.concurrent.impl.Promise.$anonfun$transformWith$1(Promise.scala:37)
	... 12 common frames omitted
Caused by: org.hibernate.exception.ConstraintViolationException: could not execute statement
	at org.hibernate.exception.internal.SQLStateConversionDelegate.convert(SQLStateConversionDelegate.java:112)
	at org.hibernate.exception.internal.StandardSQLExceptionConverter.convert(StandardSQLExceptionConverter.java:42)
	at org.hibernate.engine.jdbc.spi.SqlExceptionHelper.convert(SqlExceptionHelper.java:111)
	at org.hibernate.engine.jdbc.spi.SqlExceptionHelper.convert(SqlExceptionHelper.java:97)
	at org.hibernate.engine.jdbc.internal.ResultSetReturnImpl.executeUpdate(ResultSetReturnImpl.java:207)
	at org.hibernate.engine.query.spi.NativeSQLQueryPlan.performExecuteUpdate(NativeSQLQueryPlan.java:194)
	at org.hibernate.internal.SessionImpl.executeNativeUpdate(SessionImpl.java:1497)
	at org.hibernate.query.internal.NativeQueryImpl.doExecuteUpdate(NativeQueryImpl.java:263)
	at org.hibernate.query.internal.AbstractProducedQuery.executeUpdate(AbstractProducedQuery.java:1461)
	... 50 common frames omitted
Caused by: org.postgresql.util.PSQLException: ERROR: null value in column "id" violates not-null constraint
  Detail: Failing row contains (null, Hola, Holiata).
	at org.postgresql.core.v3.QueryExecutorImpl.receiveErrorResponse(QueryExecutorImpl.java:2198)
	at org.postgresql.core.v3.QueryExecutorImpl.processResults(QueryExecutorImpl.java:1927)
	at org.postgresql.core.v3.QueryExecutorImpl.execute(QueryExecutorImpl.java:255)
	at org.postgresql.jdbc2.AbstractJdbc2Statement.execute(AbstractJdbc2Statement.java:561)
	at org.postgresql.jdbc2.AbstractJdbc2Statement.executeWithFlags(AbstractJdbc2Statement.java:419)
	at org.postgresql.jdbc2.AbstractJdbc2Statement.executeUpdate(AbstractJdbc2Statement.java:365)
	at com.zaxxer.hikari.pool.ProxyPreparedStatement.executeUpdate(ProxyPreparedStatement.java:61)
	at com.zaxxer.hikari.pool.HikariProxyPreparedStatement.executeUpdate(HikariProxyPreparedStatement.java)
	at sun.reflect.NativeMethodAccessorImpl.invoke0(Native Method)
	at sun.reflect.NativeMethodAccessorImpl.invoke(NativeMethodAccessorImpl.java:62)
	at sun.reflect.DelegatingMethodAccessorImpl.invoke(DelegatingMethodAccessorImpl.java:43)
	at java.lang.reflect.Method.invoke(Method.java:498)
	at org.jdbcdslog.PreparedStatementLoggingHandler.invoke(PreparedStatementLoggingHandler.java:35)
	at com.sun.proxy.$Proxy36.executeUpdate(Unknown Source)
	at org.hibernate.engine.jdbc.internal.ResultSetReturnImpl.executeUpdate(ResultSetReturnImpl.java:204)
	... 54 common frames omitted
2018-02-04 19:40:55,406 [INFO] from org.jdbcdslog.StatementLogger in play-dev-mode-akka.actor.default-dispatcher-39 - select personjpa0_.id as id1_0_, personjpa0_.firstName as firstNam2_0_, personjpa0_.lastName as lastName3_0_ from PersonJPA personjpa0_;
2018-02-04 19:40:55,409 [INFO] from org.jdbcdslog.StatementLogger in play-dev-mode-akka.actor.default-dispatcher-39 - select phonenumbe0_.personajpa_id as personaj3_1_0_, phonenumbe0_.id as id1_1_0_, phonenumbe0_.id as id1_1_1_, phonenumbe0_.personajpa_id as personaj3_1_1_, phonenumbe0_.phoneNumber as phoneNum2_1_1_ from PhoneNumberJPA phonenumbe0_ where phonenumbe0_.personajpa_id=1;
2018-02-04 19:42:39,760 [INFO] from org.jdbcdslog.StatementLogger in play-dev-mode-akka.actor.default-dispatcher-39 - insert into PhoneNumberJPA (personajpa_id, phoneNumber, id) values (null, '928224372', 2);
2018-02-04 19:42:39,761 [INFO] from org.jdbcdslog.StatementLogger in play-dev-mode-akka.actor.default-dispatcher-39 - insert into PersonJPA (firstName, lastName, id) values ('Pedro', 'Picapiedra', 2);
2018-02-04 19:42:39,762 [INFO] from org.jdbcdslog.StatementLogger in play-dev-mode-akka.actor.default-dispatcher-39 - select personjpa0_.id as id1_0_, personjpa0_.firstName as firstNam2_0_, personjpa0_.lastName as lastName3_0_ from PersonJPA personjpa0_;
2018-02-04 19:42:39,763 [INFO] from org.jdbcdslog.StatementLogger in play-dev-mode-akka.actor.default-dispatcher-39 - select phonenumbe0_.personajpa_id as personaj3_1_0_, phonenumbe0_.id as id1_1_0_, phonenumbe0_.id as id1_1_1_, phonenumbe0_.personajpa_id as personaj3_1_1_, phonenumbe0_.phoneNumber as phoneNum2_1_1_ from PhoneNumberJPA phonenumbe0_ where phonenumbe0_.personajpa_id=1;
2018-02-04 19:42:39,955 [INFO] from org.jdbcdslog.StatementLogger in play-dev-mode-akka.actor.default-dispatcher-43 - select personjpa0_.id as id1_0_, personjpa0_.firstName as firstNam2_0_, personjpa0_.lastName as lastName3_0_ from PersonJPA personjpa0_;
2018-02-04 19:42:39,957 [INFO] from org.jdbcdslog.StatementLogger in play-dev-mode-akka.actor.default-dispatcher-43 - select phonenumbe0_.personajpa_id as personaj3_1_0_, phonenumbe0_.id as id1_1_0_, phonenumbe0_.id as id1_1_1_, phonenumbe0_.personajpa_id as personaj3_1_1_, phonenumbe0_.phoneNumber as phoneNum2_1_1_ from PhoneNumberJPA phonenumbe0_ where phonenumbe0_.personajpa_id=1;
2018-02-04 19:42:39,957 [INFO] from org.jdbcdslog.StatementLogger in play-dev-mode-akka.actor.default-dispatcher-43 - select phonenumbe0_.personajpa_id as personaj3_1_0_, phonenumbe0_.id as id1_1_0_, phonenumbe0_.id as id1_1_1_, phonenumbe0_.personajpa_id as personaj3_1_1_, phonenumbe0_.phoneNumber as phoneNum2_1_1_ from PhoneNumberJPA phonenumbe0_ where phonenumbe0_.personajpa_id=2;
2018-02-04 19:42:56,220 [INFO] from org.jdbcdslog.StatementLogger in application-akka.actor.default-dispatcher-7 - UPDATE PersonJPA SET firstName='Pedro', lastName='Picapiedra' WHERE id=1;
2018-02-04 19:42:56,220 [INFO] from org.jdbcdslog.StatementLogger in application-akka.actor.default-dispatcher-7 - select personjpa0_.id as id1_0_, personjpa0_.firstName as firstNam2_0_, personjpa0_.lastName as lastName3_0_ from PersonJPA personjpa0_;
2018-02-04 19:42:56,221 [INFO] from org.jdbcdslog.StatementLogger in application-akka.actor.default-dispatcher-7 - select phonenumbe0_.personajpa_id as personaj3_1_0_, phonenumbe0_.id as id1_1_0_, phonenumbe0_.id as id1_1_1_, phonenumbe0_.personajpa_id as personaj3_1_1_, phonenumbe0_.phoneNumber as phoneNum2_1_1_ from PhoneNumberJPA phonenumbe0_ where phonenumbe0_.personajpa_id=2;
2018-02-04 19:42:56,222 [INFO] from org.jdbcdslog.StatementLogger in application-akka.actor.default-dispatcher-7 - select phonenumbe0_.personajpa_id as personaj3_1_0_, phonenumbe0_.id as id1_1_0_, phonenumbe0_.id as id1_1_1_, phonenumbe0_.personajpa_id as personaj3_1_1_, phonenumbe0_.phoneNumber as phoneNum2_1_1_ from PhoneNumberJPA phonenumbe0_ where phonenumbe0_.personajpa_id=1;
2018-02-04 19:42:58,029 [INFO] from org.jdbcdslog.StatementLogger in play-dev-mode-akka.actor.default-dispatcher-38 - select personjpa0_.id as id1_0_, personjpa0_.firstName as firstNam2_0_, personjpa0_.lastName as lastName3_0_ from PersonJPA personjpa0_;
2018-02-04 19:42:58,030 [INFO] from org.jdbcdslog.StatementLogger in play-dev-mode-akka.actor.default-dispatcher-38 - select phonenumbe0_.personajpa_id as personaj3_1_0_, phonenumbe0_.id as id1_1_0_, phonenumbe0_.id as id1_1_1_, phonenumbe0_.personajpa_id as personaj3_1_1_, phonenumbe0_.phoneNumber as phoneNum2_1_1_ from PhoneNumberJPA phonenumbe0_ where phonenumbe0_.personajpa_id=2;
2018-02-04 19:42:58,031 [INFO] from org.jdbcdslog.StatementLogger in play-dev-mode-akka.actor.default-dispatcher-38 - select phonenumbe0_.personajpa_id as personaj3_1_0_, phonenumbe0_.id as id1_1_0_, phonenumbe0_.id as id1_1_1_, phonenumbe0_.personajpa_id as personaj3_1_1_, phonenumbe0_.phoneNumber as phoneNum2_1_1_ from PhoneNumberJPA phonenumbe0_ where phonenumbe0_.personajpa_id=1;
2018-02-04 19:43:01,204 [INFO] from org.jdbcdslog.StatementLogger in application-akka.actor.default-dispatcher-7 - DELETE FROM PersonJPA WHERE id=2;
2018-02-04 19:43:01,205 [INFO] from org.jdbcdslog.StatementLogger in application-akka.actor.default-dispatcher-7 - select personjpa0_.id as id1_0_, personjpa0_.firstName as firstNam2_0_, personjpa0_.lastName as lastName3_0_ from PersonJPA personjpa0_;
2018-02-04 19:43:01,207 [INFO] from org.jdbcdslog.StatementLogger in application-akka.actor.default-dispatcher-7 - select phonenumbe0_.personajpa_id as personaj3_1_0_, phonenumbe0_.id as id1_1_0_, phonenumbe0_.id as id1_1_1_, phonenumbe0_.personajpa_id as personaj3_1_1_, phonenumbe0_.phoneNumber as phoneNum2_1_1_ from PhoneNumberJPA phonenumbe0_ where phonenumbe0_.personajpa_id=1;
2018-02-04 19:43:03,795 [INFO] from org.jdbcdslog.StatementLogger in play-dev-mode-akka.actor.default-dispatcher-45 - insert into PhoneNumberJPA (personajpa_id, phoneNumber, id) values (null, '928224372', 3);
2018-02-04 19:43:03,795 [INFO] from org.jdbcdslog.StatementLogger in play-dev-mode-akka.actor.default-dispatcher-45 - insert into PersonJPA (firstName, lastName, id) values ('Pedro', 'Picapiedra', 3);
2018-02-04 19:43:03,796 [INFO] from org.jdbcdslog.StatementLogger in play-dev-mode-akka.actor.default-dispatcher-45 - select personjpa0_.id as id1_0_, personjpa0_.firstName as firstNam2_0_, personjpa0_.lastName as lastName3_0_ from PersonJPA personjpa0_;
2018-02-04 19:43:03,798 [INFO] from org.jdbcdslog.StatementLogger in play-dev-mode-akka.actor.default-dispatcher-45 - select phonenumbe0_.personajpa_id as personaj3_1_0_, phonenumbe0_.id as id1_1_0_, phonenumbe0_.id as id1_1_1_, phonenumbe0_.personajpa_id as personaj3_1_1_, phonenumbe0_.phoneNumber as phoneNum2_1_1_ from PhoneNumberJPA phonenumbe0_ where phonenumbe0_.personajpa_id=1;
2018-02-04 19:43:03,946 [INFO] from org.jdbcdslog.StatementLogger in play-dev-mode-akka.actor.default-dispatcher-44 - select personjpa0_.id as id1_0_, personjpa0_.firstName as firstNam2_0_, personjpa0_.lastName as lastName3_0_ from PersonJPA personjpa0_;
2018-02-04 19:43:03,950 [INFO] from org.jdbcdslog.StatementLogger in play-dev-mode-akka.actor.default-dispatcher-44 - select phonenumbe0_.personajpa_id as personaj3_1_0_, phonenumbe0_.id as id1_1_0_, phonenumbe0_.id as id1_1_1_, phonenumbe0_.personajpa_id as personaj3_1_1_, phonenumbe0_.phoneNumber as phoneNum2_1_1_ from PhoneNumberJPA phonenumbe0_ where phonenumbe0_.personajpa_id=1;
2018-02-04 19:43:03,951 [INFO] from org.jdbcdslog.StatementLogger in play-dev-mode-akka.actor.default-dispatcher-44 - select phonenumbe0_.personajpa_id as personaj3_1_0_, phonenumbe0_.id as id1_1_0_, phonenumbe0_.id as id1_1_1_, phonenumbe0_.personajpa_id as personaj3_1_1_, phonenumbe0_.phoneNumber as phoneNum2_1_1_ from PhoneNumberJPA phonenumbe0_ where phonenumbe0_.personajpa_id=3;
2018-02-04 19:43:07,371 [INFO] from org.jdbcdslog.StatementLogger in application-akka.actor.default-dispatcher-7 - DELETE FROM PersonJPA WHERE id=3;
2018-02-04 19:43:07,372 [INFO] from org.jdbcdslog.StatementLogger in application-akka.actor.default-dispatcher-7 - select personjpa0_.id as id1_0_, personjpa0_.firstName as firstNam2_0_, personjpa0_.lastName as lastName3_0_ from PersonJPA personjpa0_;
2018-02-04 19:43:07,373 [INFO] from org.jdbcdslog.StatementLogger in application-akka.actor.default-dispatcher-7 - select phonenumbe0_.personajpa_id as personaj3_1_0_, phonenumbe0_.id as id1_1_0_, phonenumbe0_.id as id1_1_1_, phonenumbe0_.personajpa_id as personaj3_1_1_, phonenumbe0_.phoneNumber as phoneNum2_1_1_ from PhoneNumberJPA phonenumbe0_ where phonenumbe0_.personajpa_id=1;
2018-02-04 19:43:09,806 [INFO] from org.jdbcdslog.StatementLogger in play-dev-mode-akka.actor.default-dispatcher-38 - insert into PhoneNumberJPA (personajpa_id, phoneNumber, id) values (null, '928224372', 4);
2018-02-04 19:43:09,807 [INFO] from org.jdbcdslog.StatementLogger in play-dev-mode-akka.actor.default-dispatcher-38 - insert into PersonJPA (firstName, lastName, id) values ('Pedro', 'Picapiedra', 4);
2018-02-04 19:43:09,808 [INFO] from org.jdbcdslog.StatementLogger in play-dev-mode-akka.actor.default-dispatcher-38 - select personjpa0_.id as id1_0_, personjpa0_.firstName as firstNam2_0_, personjpa0_.lastName as lastName3_0_ from PersonJPA personjpa0_;
2018-02-04 19:43:09,810 [INFO] from org.jdbcdslog.StatementLogger in play-dev-mode-akka.actor.default-dispatcher-38 - select phonenumbe0_.personajpa_id as personaj3_1_0_, phonenumbe0_.id as id1_1_0_, phonenumbe0_.id as id1_1_1_, phonenumbe0_.personajpa_id as personaj3_1_1_, phonenumbe0_.phoneNumber as phoneNum2_1_1_ from PhoneNumberJPA phonenumbe0_ where phonenumbe0_.personajpa_id=1;
2018-02-04 19:43:09,918 [INFO] from org.jdbcdslog.StatementLogger in play-dev-mode-akka.actor.default-dispatcher-41 - select personjpa0_.id as id1_0_, personjpa0_.firstName as firstNam2_0_, personjpa0_.lastName as lastName3_0_ from PersonJPA personjpa0_;
2018-02-04 19:43:09,920 [INFO] from org.jdbcdslog.StatementLogger in play-dev-mode-akka.actor.default-dispatcher-41 - select phonenumbe0_.personajpa_id as personaj3_1_0_, phonenumbe0_.id as id1_1_0_, phonenumbe0_.id as id1_1_1_, phonenumbe0_.personajpa_id as personaj3_1_1_, phonenumbe0_.phoneNumber as phoneNum2_1_1_ from PhoneNumberJPA phonenumbe0_ where phonenumbe0_.personajpa_id=1;
2018-02-04 19:43:09,922 [INFO] from org.jdbcdslog.StatementLogger in play-dev-mode-akka.actor.default-dispatcher-41 - select phonenumbe0_.personajpa_id as personaj3_1_0_, phonenumbe0_.id as id1_1_0_, phonenumbe0_.id as id1_1_1_, phonenumbe0_.personajpa_id as personaj3_1_1_, phonenumbe0_.phoneNumber as phoneNum2_1_1_ from PhoneNumberJPA phonenumbe0_ where phonenumbe0_.personajpa_id=4;
2018-02-04 19:48:49,964 [ERROR] from org.jdbcdslog.StatementLogger in application-akka.actor.default-dispatcher-10 - INSERT INTO PersonJPA (firstName,lastName) VALUES ('gogo','gogo');
throws exception: org.postgresql.util.PSQLException: ERROR: null value in column "id" violates not-null constraint
  Detail: Failing row contains (null, gogo, gogo).
org.postgresql.util.PSQLException: ERROR: null value in column "id" violates not-null constraint
  Detail: Failing row contains (null, gogo, gogo).
	at org.postgresql.core.v3.QueryExecutorImpl.receiveErrorResponse(QueryExecutorImpl.java:2198)
	at org.postgresql.core.v3.QueryExecutorImpl.processResults(QueryExecutorImpl.java:1927)
	at org.postgresql.core.v3.QueryExecutorImpl.execute(QueryExecutorImpl.java:255)
	at org.postgresql.jdbc2.AbstractJdbc2Statement.execute(AbstractJdbc2Statement.java:561)
	at org.postgresql.jdbc2.AbstractJdbc2Statement.executeWithFlags(AbstractJdbc2Statement.java:419)
	at org.postgresql.jdbc2.AbstractJdbc2Statement.executeUpdate(AbstractJdbc2Statement.java:365)
	at com.zaxxer.hikari.pool.ProxyPreparedStatement.executeUpdate(ProxyPreparedStatement.java:61)
	at com.zaxxer.hikari.pool.HikariProxyPreparedStatement.executeUpdate(HikariProxyPreparedStatement.java)
	at sun.reflect.NativeMethodAccessorImpl.invoke0(Native Method)
	at sun.reflect.NativeMethodAccessorImpl.invoke(NativeMethodAccessorImpl.java:62)
	at sun.reflect.DelegatingMethodAccessorImpl.invoke(DelegatingMethodAccessorImpl.java:43)
	at java.lang.reflect.Method.invoke(Method.java:498)
	at org.jdbcdslog.PreparedStatementLoggingHandler.invoke(PreparedStatementLoggingHandler.java:35)
	at com.sun.proxy.$Proxy36.executeUpdate(Unknown Source)
	at org.hibernate.engine.jdbc.internal.ResultSetReturnImpl.executeUpdate(ResultSetReturnImpl.java:204)
	at org.hibernate.engine.query.spi.NativeSQLQueryPlan.performExecuteUpdate(NativeSQLQueryPlan.java:194)
	at org.hibernate.internal.SessionImpl.executeNativeUpdate(SessionImpl.java:1497)
	at org.hibernate.query.internal.NativeQueryImpl.doExecuteUpdate(NativeQueryImpl.java:263)
	at org.hibernate.query.internal.AbstractProducedQuery.executeUpdate(AbstractProducedQuery.java:1461)
	at models.PersonCRUD.createCRUD(PersonCRUD.java:52)
	at router.Routes$$anonfun$routes$1.$anonfun$applyOrElse$6(Routes.scala:230)
	at play.core.routing.HandlerInvokerFactory$$anon$3.resultCall(HandlerInvoker.scala:136)
	at play.core.routing.HandlerInvokerFactory$$anon$3.resultCall(HandlerInvoker.scala:135)
	at play.core.routing.HandlerInvokerFactory$JavaActionInvokerFactory$$anon$8$$anon$2$$anon$1.invocation(HandlerInvoker.scala:110)
	at play.core.j.JavaAction$$anon$1.call(JavaAction.scala:78)
	at play.http.DefaultActionCreator$1.call(DefaultActionCreator.java:31)
	at play.db.jpa.TransactionalAction.lambda$call$5(TransactionalAction.java:28)
	at play.db.jpa.DefaultJPAApi.lambda$withTransaction$3(DefaultJPAApi.java:197)
	at play.db.jpa.DefaultJPAApi.withTransaction(DefaultJPAApi.java:138)
	at play.db.jpa.DefaultJPAApi.withTransaction(DefaultJPAApi.java:196)
	at play.db.jpa.TransactionalAction.call(TransactionalAction.java:25)
	at play.core.j.JavaAction.$anonfun$apply$2(JavaAction.scala:113)
	at scala.concurrent.Future$.$anonfun$apply$1(Future.scala:653)
	at scala.util.Success.$anonfun$map$1(Try.scala:251)
	at scala.util.Success.map(Try.scala:209)
	at scala.concurrent.Future.$anonfun$map$1(Future.scala:287)
	at scala.concurrent.impl.Promise.liftedTree1$1(Promise.scala:29)
	at scala.concurrent.impl.Promise.$anonfun$transform$1(Promise.scala:29)
	at scala.concurrent.impl.CallbackRunnable.run(Promise.scala:60)
	at play.core.j.HttpExecutionContext$$anon$2.run(HttpExecutionContext.scala:56)
	at play.api.libs.streams.Execution$trampoline$.execute(Execution.scala:70)
	at play.core.j.HttpExecutionContext.execute(HttpExecutionContext.scala:48)
	at scala.concurrent.impl.CallbackRunnable.executeWithValue(Promise.scala:68)
	at scala.concurrent.impl.Promise$KeptPromise$Kept.onComplete(Promise.scala:368)
	at scala.concurrent.impl.Promise$KeptPromise$Kept.onComplete$(Promise.scala:367)
	at scala.concurrent.impl.Promise$KeptPromise$Successful.onComplete(Promise.scala:375)
	at scala.concurrent.impl.Promise.transform(Promise.scala:29)
	at scala.concurrent.impl.Promise.transform$(Promise.scala:27)
	at scala.concurrent.impl.Promise$KeptPromise$Successful.transform(Promise.scala:375)
	at scala.concurrent.Future.map(Future.scala:287)
	at scala.concurrent.Future.map$(Future.scala:287)
	at scala.concurrent.impl.Promise$KeptPromise$Successful.map(Promise.scala:375)
	at scala.concurrent.Future$.apply(Future.scala:653)
	at play.core.j.JavaAction.apply(JavaAction.scala:113)
	at play.api.mvc.Action.$anonfun$apply$2(Action.scala:96)
	at scala.concurrent.Future.$anonfun$flatMap$1(Future.scala:302)
	at scala.concurrent.impl.Promise.$anonfun$transformWith$1(Promise.scala:37)
	at scala.concurrent.impl.CallbackRunnable.run(Promise.scala:60)
	at akka.dispatch.BatchingExecutor$AbstractBatch.processBatch(BatchingExecutor.scala:55)
	at akka.dispatch.BatchingExecutor$BlockableBatch.$anonfun$run$1(BatchingExecutor.scala:91)
	at scala.runtime.java8.JFunction0$mcV$sp.apply(JFunction0$mcV$sp.java:12)
	at scala.concurrent.BlockContext$.withBlockContext(BlockContext.scala:81)
	at akka.dispatch.BatchingExecutor$BlockableBatch.run(BatchingExecutor.scala:91)
	at akka.dispatch.TaskInvocation.run(AbstractDispatcher.scala:38)
	at akka.dispatch.ForkJoinExecutorConfigurator$AkkaForkJoinTask.exec(ForkJoinExecutorConfigurator.scala:43)
	at akka.dispatch.forkjoin.ForkJoinTask.doExec(ForkJoinTask.java:260)
	at akka.dispatch.forkjoin.ForkJoinPool$WorkQueue.runTask(ForkJoinPool.java:1339)
	at akka.dispatch.forkjoin.ForkJoinPool.runWorker(ForkJoinPool.java:1979)
	at akka.dispatch.forkjoin.ForkJoinWorkerThread.run(ForkJoinWorkerThread.java:107)
2018-02-04 19:48:49,964 [WARN] from org.hibernate.engine.jdbc.spi.SqlExceptionHelper in application-akka.actor.default-dispatcher-10 - SQL Error: 0, SQLState: 23502
2018-02-04 19:48:49,964 [ERROR] from org.hibernate.engine.jdbc.spi.SqlExceptionHelper in application-akka.actor.default-dispatcher-10 - ERROR: null value in column "id" violates not-null constraint
  Detail: Failing row contains (null, gogo, gogo).
2018-02-04 19:48:49,966 [ERROR] from application in application-akka.actor.default-dispatcher-10 - 

! @76p5o8b51 - Internal server error, for (POST) [/persons/create] ->
 
play.api.http.HttpErrorHandlerExceptions$$anon$1: Execution exception[[PersistenceException: org.hibernate.exception.ConstraintViolationException: could not execute statement]]
	at play.api.http.HttpErrorHandlerExceptions$.throwableToUsefulException(HttpErrorHandler.scala:255)
	at play.api.http.DefaultHttpErrorHandler.onServerError(HttpErrorHandler.scala:182)
	at play.core.server.AkkaHttpServer$$anonfun$$nestedInanonfun$executeHandler$1$1.applyOrElse(AkkaHttpServer.scala:252)
	at play.core.server.AkkaHttpServer$$anonfun$$nestedInanonfun$executeHandler$1$1.applyOrElse(AkkaHttpServer.scala:251)
	at scala.concurrent.Future.$anonfun$recoverWith$1(Future.scala:412)
	at scala.concurrent.impl.Promise.$anonfun$transformWith$1(Promise.scala:37)
	at scala.concurrent.impl.CallbackRunnable.run(Promise.scala:60)
	at play.api.libs.streams.Execution$trampoline$.executeScheduled(Execution.scala:109)
	at play.api.libs.streams.Execution$trampoline$.execute(Execution.scala:71)
	at scala.concurrent.impl.CallbackRunnable.executeWithValue(Promise.scala:68)
	at scala.concurrent.impl.Promise$DefaultPromise.$anonfun$tryComplete$1(Promise.scala:284)
	at scala.concurrent.impl.Promise$DefaultPromise.$anonfun$tryComplete$1$adapted(Promise.scala:284)
	at scala.concurrent.impl.Promise$DefaultPromise.tryComplete(Promise.scala:284)
	at scala.concurrent.impl.Promise$DefaultPromise.link(Promise.scala:337)
	at scala.concurrent.impl.Promise$DefaultPromise.linkRootOf(Promise.scala:322)
	at scala.concurrent.impl.Promise.$anonfun$transformWith$1(Promise.scala:39)
	at scala.concurrent.impl.CallbackRunnable.run(Promise.scala:60)
	at akka.dispatch.BatchingExecutor$AbstractBatch.processBatch(BatchingExecutor.scala:55)
	at akka.dispatch.BatchingExecutor$BlockableBatch.$anonfun$run$1(BatchingExecutor.scala:91)
	at scala.runtime.java8.JFunction0$mcV$sp.apply(JFunction0$mcV$sp.java:12)
	at scala.concurrent.BlockContext$.withBlockContext(BlockContext.scala:81)
	at akka.dispatch.BatchingExecutor$BlockableBatch.run(BatchingExecutor.scala:91)
	at akka.dispatch.TaskInvocation.run(AbstractDispatcher.scala:38)
	at akka.dispatch.ForkJoinExecutorConfigurator$AkkaForkJoinTask.exec(ForkJoinExecutorConfigurator.scala:43)
	at akka.dispatch.forkjoin.ForkJoinTask.doExec(ForkJoinTask.java:260)
	at akka.dispatch.forkjoin.ForkJoinPool$WorkQueue.runTask(ForkJoinPool.java:1339)
	at akka.dispatch.forkjoin.ForkJoinPool.runWorker(ForkJoinPool.java:1979)
	at akka.dispatch.forkjoin.ForkJoinWorkerThread.run(ForkJoinWorkerThread.java:107)
Caused by: javax.persistence.PersistenceException: org.hibernate.exception.ConstraintViolationException: could not execute statement
	at org.hibernate.internal.ExceptionConverterImpl.convert(ExceptionConverterImpl.java:147)
	at org.hibernate.internal.ExceptionConverterImpl.convert(ExceptionConverterImpl.java:155)
	at org.hibernate.query.internal.AbstractProducedQuery.executeUpdate(AbstractProducedQuery.java:1471)
	at models.PersonCRUD.createCRUD(PersonCRUD.java:52)
	at router.Routes$$anonfun$routes$1.$anonfun$applyOrElse$6(Routes.scala:230)
	at play.core.routing.HandlerInvokerFactory$$anon$3.resultCall(HandlerInvoker.scala:136)
	at play.core.routing.HandlerInvokerFactory$$anon$3.resultCall(HandlerInvoker.scala:135)
	at play.core.routing.HandlerInvokerFactory$JavaActionInvokerFactory$$anon$8$$anon$2$$anon$1.invocation(HandlerInvoker.scala:110)
	at play.core.j.JavaAction$$anon$1.call(JavaAction.scala:78)
	at play.http.DefaultActionCreator$1.call(DefaultActionCreator.java:31)
	at play.db.jpa.TransactionalAction.lambda$call$5(TransactionalAction.java:28)
	at play.db.jpa.DefaultJPAApi.lambda$withTransaction$3(DefaultJPAApi.java:197)
	at play.db.jpa.DefaultJPAApi.withTransaction(DefaultJPAApi.java:138)
	at play.db.jpa.DefaultJPAApi.withTransaction(DefaultJPAApi.java:196)
	at play.db.jpa.TransactionalAction.call(TransactionalAction.java:25)
	at play.core.j.JavaAction.$anonfun$apply$2(JavaAction.scala:113)
	at scala.concurrent.Future$.$anonfun$apply$1(Future.scala:653)
	at scala.util.Success.$anonfun$map$1(Try.scala:251)
	at scala.util.Success.map(Try.scala:209)
	at scala.concurrent.Future.$anonfun$map$1(Future.scala:287)
	at scala.concurrent.impl.Promise.liftedTree1$1(Promise.scala:29)
	at scala.concurrent.impl.Promise.$anonfun$transform$1(Promise.scala:29)
	at scala.concurrent.impl.CallbackRunnable.run(Promise.scala:60)
	at play.core.j.HttpExecutionContext$$anon$2.run(HttpExecutionContext.scala:56)
	at play.api.libs.streams.Execution$trampoline$.execute(Execution.scala:70)
	at play.core.j.HttpExecutionContext.execute(HttpExecutionContext.scala:48)
	at scala.concurrent.impl.CallbackRunnable.executeWithValue(Promise.scala:68)
	at scala.concurrent.impl.Promise$KeptPromise$Kept.onComplete(Promise.scala:368)
	at scala.concurrent.impl.Promise$KeptPromise$Kept.onComplete$(Promise.scala:367)
	at scala.concurrent.impl.Promise$KeptPromise$Successful.onComplete(Promise.scala:375)
	at scala.concurrent.impl.Promise.transform(Promise.scala:29)
	at scala.concurrent.impl.Promise.transform$(Promise.scala:27)
	at scala.concurrent.impl.Promise$KeptPromise$Successful.transform(Promise.scala:375)
	at scala.concurrent.Future.map(Future.scala:287)
	at scala.concurrent.Future.map$(Future.scala:287)
	at scala.concurrent.impl.Promise$KeptPromise$Successful.map(Promise.scala:375)
	at scala.concurrent.Future$.apply(Future.scala:653)
	at play.core.j.JavaAction.apply(JavaAction.scala:113)
	at play.api.mvc.Action.$anonfun$apply$2(Action.scala:96)
	at scala.concurrent.Future.$anonfun$flatMap$1(Future.scala:302)
	at scala.concurrent.impl.Promise.$anonfun$transformWith$1(Promise.scala:37)
	... 12 common frames omitted
Caused by: org.hibernate.exception.ConstraintViolationException: could not execute statement
	at org.hibernate.exception.internal.SQLStateConversionDelegate.convert(SQLStateConversionDelegate.java:112)
	at org.hibernate.exception.internal.StandardSQLExceptionConverter.convert(StandardSQLExceptionConverter.java:42)
	at org.hibernate.engine.jdbc.spi.SqlExceptionHelper.convert(SqlExceptionHelper.java:111)
	at org.hibernate.engine.jdbc.spi.SqlExceptionHelper.convert(SqlExceptionHelper.java:97)
	at org.hibernate.engine.jdbc.internal.ResultSetReturnImpl.executeUpdate(ResultSetReturnImpl.java:207)
	at org.hibernate.engine.query.spi.NativeSQLQueryPlan.performExecuteUpdate(NativeSQLQueryPlan.java:194)
	at org.hibernate.internal.SessionImpl.executeNativeUpdate(SessionImpl.java:1497)
	at org.hibernate.query.internal.NativeQueryImpl.doExecuteUpdate(NativeQueryImpl.java:263)
	at org.hibernate.query.internal.AbstractProducedQuery.executeUpdate(AbstractProducedQuery.java:1461)
	... 50 common frames omitted
Caused by: org.postgresql.util.PSQLException: ERROR: null value in column "id" violates not-null constraint
  Detail: Failing row contains (null, gogo, gogo).
	at org.postgresql.core.v3.QueryExecutorImpl.receiveErrorResponse(QueryExecutorImpl.java:2198)
	at org.postgresql.core.v3.QueryExecutorImpl.processResults(QueryExecutorImpl.java:1927)
	at org.postgresql.core.v3.QueryExecutorImpl.execute(QueryExecutorImpl.java:255)
	at org.postgresql.jdbc2.AbstractJdbc2Statement.execute(AbstractJdbc2Statement.java:561)
	at org.postgresql.jdbc2.AbstractJdbc2Statement.executeWithFlags(AbstractJdbc2Statement.java:419)
	at org.postgresql.jdbc2.AbstractJdbc2Statement.executeUpdate(AbstractJdbc2Statement.java:365)
	at com.zaxxer.hikari.pool.ProxyPreparedStatement.executeUpdate(ProxyPreparedStatement.java:61)
	at com.zaxxer.hikari.pool.HikariProxyPreparedStatement.executeUpdate(HikariProxyPreparedStatement.java)
	at sun.reflect.NativeMethodAccessorImpl.invoke0(Native Method)
	at sun.reflect.NativeMethodAccessorImpl.invoke(NativeMethodAccessorImpl.java:62)
	at sun.reflect.DelegatingMethodAccessorImpl.invoke(DelegatingMethodAccessorImpl.java:43)
	at java.lang.reflect.Method.invoke(Method.java:498)
	at org.jdbcdslog.PreparedStatementLoggingHandler.invoke(PreparedStatementLoggingHandler.java:35)
	at com.sun.proxy.$Proxy36.executeUpdate(Unknown Source)
	at org.hibernate.engine.jdbc.internal.ResultSetReturnImpl.executeUpdate(ResultSetReturnImpl.java:204)
	... 54 common frames omitted
2018-02-04 19:56:03,913 [INFO] from org.jdbcdslog.StatementLogger in play-dev-mode-akka.actor.default-dispatcher-58 - select personjpa0_.id as id1_0_, personjpa0_.firstName as firstNam2_0_, personjpa0_.lastName as lastName3_0_ from PersonJPA personjpa0_;
2018-02-04 19:56:03,914 [INFO] from org.jdbcdslog.StatementLogger in play-dev-mode-akka.actor.default-dispatcher-58 - select phonenumbe0_.personajpa_id as personaj3_1_0_, phonenumbe0_.id as id1_1_0_, phonenumbe0_.id as id1_1_1_, phonenumbe0_.personajpa_id as personaj3_1_1_, phonenumbe0_.phoneNumber as phoneNum2_1_1_ from PhoneNumberJPA phonenumbe0_ where phonenumbe0_.personajpa_id=1;
2018-02-04 19:56:03,914 [INFO] from org.jdbcdslog.StatementLogger in play-dev-mode-akka.actor.default-dispatcher-58 - select phonenumbe0_.personajpa_id as personaj3_1_0_, phonenumbe0_.id as id1_1_0_, phonenumbe0_.id as id1_1_1_, phonenumbe0_.personajpa_id as personaj3_1_1_, phonenumbe0_.phoneNumber as phoneNum2_1_1_ from PhoneNumberJPA phonenumbe0_ where phonenumbe0_.personajpa_id=4;
2018-02-04 19:56:11,267 [INFO] from org.jdbcdslog.StatementLogger in application-akka.actor.default-dispatcher-12 - INSERT INTO PersonJPA (firstName,lastName) VALUES ('gogo','gogo');
2018-02-04 19:56:11,268 [INFO] from org.jdbcdslog.StatementLogger in application-akka.actor.default-dispatcher-12 - select personjpa0_.id as id1_0_, personjpa0_.firstName as firstNam2_0_, personjpa0_.lastName as lastName3_0_ from PersonJPA personjpa0_;
2018-02-04 19:56:11,269 [INFO] from org.jdbcdslog.StatementLogger in application-akka.actor.default-dispatcher-12 - select phonenumbe0_.personajpa_id as personaj3_1_0_, phonenumbe0_.id as id1_1_0_, phonenumbe0_.id as id1_1_1_, phonenumbe0_.personajpa_id as personaj3_1_1_, phonenumbe0_.phoneNumber as phoneNum2_1_1_ from PhoneNumberJPA phonenumbe0_ where phonenumbe0_.personajpa_id=1;
2018-02-04 19:56:11,269 [INFO] from org.jdbcdslog.StatementLogger in application-akka.actor.default-dispatcher-12 - select phonenumbe0_.personajpa_id as personaj3_1_0_, phonenumbe0_.id as id1_1_0_, phonenumbe0_.id as id1_1_1_, phonenumbe0_.personajpa_id as personaj3_1_1_, phonenumbe0_.phoneNumber as phoneNum2_1_1_ from PhoneNumberJPA phonenumbe0_ where phonenumbe0_.personajpa_id=4;
2018-02-04 19:56:11,270 [INFO] from org.jdbcdslog.StatementLogger in application-akka.actor.default-dispatcher-12 - select phonenumbe0_.personajpa_id as personaj3_1_0_, phonenumbe0_.id as id1_1_0_, phonenumbe0_.id as id1_1_1_, phonenumbe0_.personajpa_id as personaj3_1_1_, phonenumbe0_.phoneNumber as phoneNum2_1_1_ from PhoneNumberJPA phonenumbe0_ where phonenumbe0_.personajpa_id=78;
